
Magic 8.3 revision 145 - Compiled on Mon Mar 22 04:21:56 UTC 2021.
Starting magic under Tcl interpreter
Using the terminal as the console.
Using NULL graphics device.
Processing system .magicrc file
Sourcing design .magicrc for technology sky130A ...
2 Magic internal units = 1 Lambda
Input style sky130(): scaleFactor=2, multiplier=2
Scaled tech values by 2 / 1 to match internal grid scaling
Loading sky130A Device Generator Menu ...
Loading "/openLANE_flow/scripts/magic/lef.tcl" from command line.
Reading LEF data from file /tmp/pohan//sky130A/libs.ref/sky130_fd_sc_hd/techlef/sky130_fd_sc_hd.tlef.
This action cannot be undone.
LEF read, Line 77 (Message): Unknown keyword "ANTENNAMODEL" in LEF file; ignoring.
LEF read, Line 78 (Message): Unknown keyword "ANTENNADIFFSIDEAREARATIO" in LEF file; ignoring.
LEF read, Line 110 (Message): Unknown keyword "MINENCLOSEDAREA" in LEF file; ignoring.
LEF read, Line 112 (Message): Unknown keyword "ANTENNAMODEL" in LEF file; ignoring.
LEF read, Line 113 (Message): Unknown keyword "ANTENNADIFFSIDEAREARATIO" in LEF file; ignoring.
LEF read, Line 119 (Message): Unknown keyword "MAXIMUMDENSITY" in LEF file; ignoring.
LEF read, Line 120 (Message): Unknown keyword "DENSITYCHECKWINDOW" in LEF file; ignoring.
LEF read, Line 121 (Message): Unknown keyword "DENSITYCHECKSTEP" in LEF file; ignoring.
LEF read, Line 153 (Message): Unknown keyword "MINENCLOSEDAREA" in LEF file; ignoring.
LEF read, Line 161 (Message): Unknown keyword "ANTENNAMODEL" in LEF file; ignoring.
LEF read, Line 162 (Message): Unknown keyword "ANTENNADIFFSIDEAREARATIO" in LEF file; ignoring.
LEF read, Line 164 (Message): Unknown keyword "MAXIMUMDENSITY" in LEF file; ignoring.
LEF read, Line 165 (Message): Unknown keyword "DENSITYCHECKWINDOW" in LEF file; ignoring.
LEF read, Line 166 (Message): Unknown keyword "DENSITYCHECKSTEP" in LEF file; ignoring.
LEF read, Line 202 (Message): Unknown keyword "ANTENNAMODEL" in LEF file; ignoring.
LEF read, Line 203 (Message): Unknown keyword "ANTENNADIFFSIDEAREARATIO" in LEF file; ignoring.
LEF read, Line 205 (Message): Unknown keyword "MAXIMUMDENSITY" in LEF file; ignoring.
LEF read, Line 206 (Message): Unknown keyword "DENSITYCHECKWINDOW" in LEF file; ignoring.
LEF read, Line 207 (Message): Unknown keyword "DENSITYCHECKSTEP" in LEF file; ignoring.
LEF read, Line 243 (Message): Unknown keyword "ANTENNAMODEL" in LEF file; ignoring.
LEF read, Line 244 (Message): Unknown keyword "ANTENNADIFFSIDEAREARATIO" in LEF file; ignoring.
LEF read, Line 246 (Message): Unknown keyword "MAXIMUMDENSITY" in LEF file; ignoring.
LEF read, Line 247 (Message): Unknown keyword "DENSITYCHECKWINDOW" in LEF file; ignoring.
LEF read, Line 248 (Message): Unknown keyword "DENSITYCHECKSTEP" in LEF file; ignoring.
LEF read, Line 284 (Message): Unknown keyword "ANTENNAMODEL" in LEF file; ignoring.
LEF read, Line 285 (Message): Unknown keyword "ANTENNADIFFSIDEAREARATIO" in LEF file; ignoring.
LEF read: Processed 791 lines.
Reading LEF data from file /project/openlane/user_project_wrapper/../../lef/user_proj_example.lef.
This action cannot be undone.
LEF read, Line 32 (Message): Unknown keyword "ANTENNAMAXCUTCAR" in LEF file; ignoring.
LEF read, Line 47 (Message): Unknown keyword "ANTENNAMAXCUTCAR" in LEF file; ignoring.
LEF read, Line 62 (Message): Unknown keyword "ANTENNAMAXCUTCAR" in LEF file; ignoring.
LEF read, Line 77 (Message): Unknown keyword "ANTENNAMAXCUTCAR" in LEF file; ignoring.
LEF read, Line 93 (Message): Unknown keyword "ANTENNAMAXCUTCAR" in LEF file; ignoring.
LEF read, Line 99 (Message): Unknown keyword "ANTENNAMAXCUTCAR" in LEF file; ignoring.
LEF read, Line 146 (Message): Unknown keyword "ANTENNAMAXCUTCAR" in LEF file; ignoring.
LEF read, Line 161 (Message): Unknown keyword "ANTENNAMAXCUTCAR" in LEF file; ignoring.
LEF read, Line 176 (Message): Unknown keyword "ANTENNAMAXCUTCAR" in LEF file; ignoring.
LEF read, Line 191 (Message): Unknown keyword "ANTENNAMAXCUTCAR" in LEF file; ignoring.
LEF read, Line 206 (Message): Unknown keyword "ANTENNAMAXCUTCAR" in LEF file; ignoring.
LEF read, Line 221 (Message): Unknown keyword "ANTENNAMAXCUTCAR" in LEF file; ignoring.
LEF read, Line 236 (Message): Unknown keyword "ANTENNAMAXCUTCAR" in LEF file; ignoring.
LEF read, Line 251 (Message): Unknown keyword "ANTENNAMAXCUTCAR" in LEF file; ignoring.
LEF read, Line 266 (Message): Unknown keyword "ANTENNAMAXCUTCAR" in LEF file; ignoring.
LEF read, Line 281 (Message): Unknown keyword "ANTENNAMAXCUTCAR" in LEF file; ignoring.
LEF read, Line 296 (Message): Unknown keyword "ANTENNAMAXCUTCAR" in LEF file; ignoring.
LEF read, Line 311 (Message): Unknown keyword "ANTENNAMAXCUTCAR" in LEF file; ignoring.
LEF read, Line 326 (Message): Unknown keyword "ANTENNAMAXCUTCAR" in LEF file; ignoring.
LEF read, Line 341 (Message): Unknown keyword "ANTENNAMAXCUTCAR" in LEF file; ignoring.
LEF read, Line 356 (Message): Unknown keyword "ANTENNAMAXCUTCAR" in LEF file; ignoring.
LEF read, Line 371 (Message): Unknown keyword "ANTENNAMAXCUTCAR" in LEF file; ignoring.
LEF read, Line 386 (Message): Unknown keyword "ANTENNAMAXCUTCAR" in LEF file; ignoring.
LEF read, Line 401 (Message): Unknown keyword "ANTENNAMAXCUTCAR" in LEF file; ignoring.
LEF read, Line 416 (Message): Unknown keyword "ANTENNAMAXCUTCAR" in LEF file; ignoring.
LEF read, Line 431 (Message): Unknown keyword "ANTENNAMAXCUTCAR" in LEF file; ignoring.
LEF read, Line 446 (Message): Unknown keyword "ANTENNAMAXCUTCAR" in LEF file; ignoring.
LEF read, Line 461 (Message): Unknown keyword "ANTENNAMAXCUTCAR" in LEF file; ignoring.
LEF read, Line 476 (Message): Unknown keyword "ANTENNAMAXCUTCAR" in LEF file; ignoring.
LEF read, Line 491 (Message): Unknown keyword "ANTENNAMAXCUTCAR" in LEF file; ignoring.
LEF read, Line 506 (Message): Unknown keyword "ANTENNAMAXCUTCAR" in LEF file; ignoring.
LEF read, Line 521 (Message): Unknown keyword "ANTENNAMAXCUTCAR" in LEF file; ignoring.
LEF read, Line 536 (Message): Unknown keyword "ANTENNAMAXCUTCAR" in LEF file; ignoring.
LEF read, Line 551 (Message): Unknown keyword "ANTENNAMAXCUTCAR" in LEF file; ignoring.
LEF read, Line 566 (Message): Unknown keyword "ANTENNAMAXCUTCAR" in LEF file; ignoring.
LEF read, Line 581 (Message): Unknown keyword "ANTENNAMAXCUTCAR" in LEF file; ignoring.
LEF read, Line 596 (Message): Unknown keyword "ANTENNAMAXCUTCAR" in LEF file; ignoring.
LEF read, Line 611 (Message): Unknown keyword "ANTENNAMAXCUTCAR" in LEF file; ignoring.
LEF read, Line 626 (Message): Unknown keyword "ANTENNAMAXCUTCAR" in LEF file; ignoring.
LEF read, Line 641 (Message): Unknown keyword "ANTENNAMAXCUTCAR" in LEF file; ignoring.
LEF read, Line 656 (Message): Unknown keyword "ANTENNAMAXCUTCAR" in LEF file; ignoring.
LEF read, Line 671 (Message): Unknown keyword "ANTENNAMAXCUTCAR" in LEF file; ignoring.
LEF read, Line 686 (Message): Unknown keyword "ANTENNAMAXCUTCAR" in LEF file; ignoring.
LEF read, Line 701 (Message): Unknown keyword "ANTENNAMAXCUTCAR" in LEF file; ignoring.
LEF read, Line 716 (Message): Unknown keyword "ANTENNAMAXCUTCAR" in LEF file; ignoring.
LEF read, Line 731 (Message): Unknown keyword "ANTENNAMAXCUTCAR" in LEF file; ignoring.
LEF read, Line 746 (Message): Unknown keyword "ANTENNAMAXCUTCAR" in LEF file; ignoring.
LEF read, Line 761 (Message): Unknown keyword "ANTENNAMAXCUTCAR" in LEF file; ignoring.
LEF read, Line 776 (Message): Unknown keyword "ANTENNAMAXCUTCAR" in LEF file; ignoring.
LEF read, Line 791 (Message): Unknown keyword "ANTENNAMAXCUTCAR" in LEF file; ignoring.
LEF read, Line 806 (Message): Unknown keyword "ANTENNAMAXCUTCAR" in LEF file; ignoring.
LEF read, Line 821 (Message): Unknown keyword "ANTENNAMAXCUTCAR" in LEF file; ignoring.
LEF read, Line 836 (Message): Unknown keyword "ANTENNAMAXCUTCAR" in LEF file; ignoring.
LEF read, Line 851 (Message): Unknown keyword "ANTENNAMAXCUTCAR" in LEF file; ignoring.
LEF read, Line 866 (Message): Unknown keyword "ANTENNAMAXCUTCAR" in LEF file; ignoring.
LEF read, Line 881 (Message): Unknown keyword "ANTENNAMAXCUTCAR" in LEF file; ignoring.
LEF read, Line 896 (Message): Unknown keyword "ANTENNAMAXCUTCAR" in LEF file; ignoring.
LEF read, Line 911 (Message): Unknown keyword "ANTENNAMAXCUTCAR" in LEF file; ignoring.
LEF read, Line 926 (Message): Unknown keyword "ANTENNAMAXCUTCAR" in LEF file; ignoring.
LEF read, Line 941 (Message): Unknown keyword "ANTENNAMAXCUTCAR" in LEF file; ignoring.
LEF read, Line 956 (Message): Unknown keyword "ANTENNAMAXCUTCAR" in LEF file; ignoring.
LEF read, Line 971 (Message): Unknown keyword "ANTENNAMAXCUTCAR" in LEF file; ignoring.
LEF read, Line 986 (Message): Unknown keyword "ANTENNAMAXCUTCAR" in LEF file; ignoring.
LEF read, Line 1001 (Message): Unknown keyword "ANTENNAMAXCUTCAR" in LEF file; ignoring.
LEF read, Line 1016 (Message): Unknown keyword "ANTENNAMAXCUTCAR" in LEF file; ignoring.
LEF read, Line 1031 (Message): Unknown keyword "ANTENNAMAXCUTCAR" in LEF file; ignoring.
LEF read, Line 1046 (Message): Unknown keyword "ANTENNAMAXCUTCAR" in LEF file; ignoring.
LEF read, Line 1061 (Message): Unknown keyword "ANTENNAMAXCUTCAR" in LEF file; ignoring.
LEF read, Line 1076 (Message): Unknown keyword "ANTENNAMAXCUTCAR" in LEF file; ignoring.
LEF read, Line 1091 (Message): Unknown keyword "ANTENNAMAXCUTCAR" in LEF file; ignoring.
LEF read, Line 1107 (Message): Unknown keyword "ANTENNAMAXCUTCAR" in LEF file; ignoring.
LEF read, Line 1737 (Message): Unknown keyword "ANTENNAMAXCUTCAR" in LEF file; ignoring.
LEF read, Line 2222 (Message): Unknown keyword "ANTENNAMAXCUTCAR" in LEF file; ignoring.
LEF read, Line 2243 (Message): Unknown keyword "ANTENNAMAXCUTCAR" in LEF file; ignoring.
LEF read, Line 2264 (Message): Unknown keyword "ANTENNAMAXCUTCAR" in LEF file; ignoring.
LEF read, Line 2285 (Message): Unknown keyword "ANTENNAMAXCUTCAR" in LEF file; ignoring.
LEF read, Line 2300 (Message): Unknown keyword "ANTENNAMAXCUTCAR" in LEF file; ignoring.
LEF read, Line 2315 (Message): Unknown keyword "ANTENNAMAXCUTCAR" in LEF file; ignoring.
LEF read, Line 2336 (Message): Unknown keyword "ANTENNAMAXCUTCAR" in LEF file; ignoring.
LEF read, Line 2357 (Message): Unknown keyword "ANTENNAMAXCUTCAR" in LEF file; ignoring.
LEF read, Line 2378 (Message): Unknown keyword "ANTENNAMAXCUTCAR" in LEF file; ignoring.
LEF read, Line 2399 (Message): Unknown keyword "ANTENNAMAXCUTCAR" in LEF file; ignoring.
LEF read, Line 2420 (Message): Unknown keyword "ANTENNAMAXCUTCAR" in LEF file; ignoring.
LEF read, Line 2435 (Message): Unknown keyword "ANTENNAMAXCUTCAR" in LEF file; ignoring.
LEF read, Line 2450 (Message): Unknown keyword "ANTENNAMAXCUTCAR" in LEF file; ignoring.
LEF read, Line 2471 (Message): Unknown keyword "ANTENNAMAXCUTCAR" in LEF file; ignoring.
LEF read, Line 2492 (Message): Unknown keyword "ANTENNAMAXCUTCAR" in LEF file; ignoring.
LEF read, Line 2513 (Message): Unknown keyword "ANTENNAMAXCUTCAR" in LEF file; ignoring.
LEF read, Line 2528 (Message): Unknown keyword "ANTENNAMAXCUTCAR" in LEF file; ignoring.
LEF read, Line 2549 (Message): Unknown keyword "ANTENNAMAXCUTCAR" in LEF file; ignoring.
LEF read, Line 2564 (Message): Unknown keyword "ANTENNAMAXCUTCAR" in LEF file; ignoring.
LEF read, Line 2585 (Message): Unknown keyword "ANTENNAMAXCUTCAR" in LEF file; ignoring.
LEF read, Line 2606 (Message): Unknown keyword "ANTENNAMAXCUTCAR" in LEF file; ignoring.
LEF read, Line 2621 (Message): Unknown keyword "ANTENNAMAXCUTCAR" in LEF file; ignoring.
LEF read, Line 2636 (Message): Unknown keyword "ANTENNAMAXCUTCAR" in LEF file; ignoring.
LEF read, Line 2651 (Message): Unknown keyword "ANTENNAMAXCUTCAR" in LEF file; ignoring.
LEF read, Line 2666 (Message): Unknown keyword "ANTENNAMAXCUTCAR" in LEF file; ignoring.
LEF read, Line 2687 (Message): Unknown keyword "ANTENNAMAXCUTCAR" in LEF file; ignoring.
LEF read, Line 2702 (Message): Unknown keyword "ANTENNAMAXCUTCAR" in LEF file; ignoring.
LEF read, Line 2717 (Message): Unknown keyword "ANTENNAMAXCUTCAR" in LEF file; ignoring.
LEF read:  Further messages will not be reported.
LEF read: Processed 8260 lines.
user_project_wrapper: 10000 rects
user_project_wrapper: 20000 rects
user_project_wrapper: 30000 rects
user_project_wrapper: 40000 rects
Processing timestamp mismatches: user_proj_example.
[INFO]: Writing abstract LEF
Generating LEF output /project/openlane/user_project_wrapper/runs/user_project_wrapper/results/magic/user_project_wrapper.lef for cell user_project_wrapper:
Diagnostic:  Write LEF header for cell user_project_wrapper
Diagnostic:  Writing LEF output for cell user_project_wrapper
Diagnostic:  Scale value is 0.005000
[INFO]: LEF Write Complete
Using technology "sky130A", version 1.0.156-0-g7e29496
