OpenROAD 0.9.0 1415572a73
This program is licensed under the BSD-3 license. See the LICENSE file for details.
Components of this program may be licensed under more restrictive licenses which must be honored.
Notice 0: Reading LEF file:  /project/openlane/user_project_wrapper/runs/user_project_wrapper/tmp/merged_unpadded.lef
Notice 0:     Created 13 technology layers
Notice 0:     Created 25 technology vias
Notice 0:     Created 441 library cells
Notice 0: Finished LEF file:  /project/openlane/user_project_wrapper/runs/user_project_wrapper/tmp/merged_unpadded.lef
Notice 0: 
Reading DEF file: /project/openlane/user_project_wrapper/runs/user_project_wrapper/tmp/placement/12-replace.def
Notice 0: Design: user_project_wrapper
Notice 0:     Created 645 pins.
Notice 0:     Created 1 components and 609 component-terminals.
Notice 0:     Created 8 special nets and 0 connections.
Notice 0:     Created 637 nets and 607 connections.
Notice 0: Finished DEF file: /project/openlane/user_project_wrapper/runs/user_project_wrapper/tmp/placement/12-replace.def
Design Stats
--------------------------------
total instances             1
multi row instances         0
fixed instances             1
nets                      645
design area          10173980.2 u^2
fixed area             3219.6 u^2
movable area              0.0 u^2
utilization                 0 %
utilization padded          0 %
rows                     1286
row height                2.7 u

Placement Analysis
--------------------------------
total displacement        0.0 u
average displacement      0.0 u
max displacement          0.0 u
original HPWL         34004.7 u
legalized HPWL        34004.7 u
delta HPWL                  0 %

