First Layout: /project/openlane/user_project_wrapper/runs/user_project_wrapper/results/magic/user_project_wrapper.gds
Second Layout: /project/openlane/user_project_wrapper/runs/user_project_wrapper/results/klayout/user_project_wrapper.gds
Design Name: user_project_wrapper
Output GDS will be: /project/openlane/user_project_wrapper/runs/user_project_wrapper/results/klayout/user_project_wrapper.xor.gds
Reading /project/openlane/user_project_wrapper/runs/user_project_wrapper/results/magic/user_project_wrapper.gds ..
Reading /project/openlane/user_project_wrapper/runs/user_project_wrapper/results/klayout/user_project_wrapper.gds ..
--- Running XOR for 122/16 ---
"_input" in: xor.drc:38
Elapsed: 0.010s
"_input" in: xor.drc:38
Elapsed: 0.010s
"^" in: xor.drc:38
Elapsed: 38.680s
XOR differences: 2223946
"_output" in: xor.drc:41
Elapsed: 1.090s
--- Running XOR for 22/21 ---
"_input" in: xor.drc:38
Elapsed: 0.020s
"_input" in: xor.drc:38
Elapsed: 0.010s
"^" in: xor.drc:38
Elapsed: 7.930s
XOR differences: 1909440
"_output" in: xor.drc:41
Elapsed: 0.870s
--- Running XOR for 22/22 ---
"_input" in: xor.drc:38
Elapsed: 0.010s
"_input" in: xor.drc:38
Elapsed: 0.020s
"^" in: xor.drc:38
Elapsed: 4.500s
XOR differences: 549120
"_output" in: xor.drc:41
Elapsed: 0.210s
--- Running XOR for 235/0 ---
"_input" in: xor.drc:38
Elapsed: 0.010s
"_input" in: xor.drc:38
Elapsed: 0.020s
"^" in: xor.drc:38
Elapsed: 5.150s
XOR differences: 823680
"_output" in: xor.drc:41
Elapsed: 0.330s
--- Running XOR for 235/4 ---
"_input" in: xor.drc:38
Elapsed: 0.010s
"_input" in: xor.drc:38
Elapsed: 0.020s
"^" in: xor.drc:38
Elapsed: 14.330s
XOR differences: 218
"_output" in: xor.drc:41
Elapsed: 0.020s
--- Running XOR for 236/0 ---
"_input" in: xor.drc:38
Elapsed: 0.010s
"_input" in: xor.drc:38
Elapsed: 0.020s
"^" in: xor.drc:38
Elapsed: 13.260s
XOR differences: 49865
"_output" in: xor.drc:41
Elapsed: 0.070s
--- Running XOR for 237/0 ---
"_input" in: xor.drc:38
Elapsed: 0.020s
"_input" in: xor.drc:38
Elapsed: 0.010s
"^" in: xor.drc:38
Elapsed: 0.020s
XOR differences: 1
"_output" in: xor.drc:41
Elapsed: 0.830s
--- Running XOR for 33/42 ---
"_input" in: xor.drc:38
Elapsed: 0.010s
"_input" in: xor.drc:38
Elapsed: 0.010s
"^" in: xor.drc:38
Elapsed: 22.020s
XOR differences: 6635200
"_output" in: xor.drc:41
Elapsed: 2.860s
--- Running XOR for 33/43 ---
"_input" in: xor.drc:38
Elapsed: 0.020s
"_input" in: xor.drc:38
Elapsed: 0.010s
"^" in: xor.drc:38
Elapsed: 25.120s
XOR differences: 8161920
"_output" in: xor.drc:41
Elapsed: 2.650s
--- Running XOR for 64/16 ---
"_input" in: xor.drc:38
Elapsed: 0.020s
"_input" in: xor.drc:38
Elapsed: 0.010s
"^" in: xor.drc:38
Elapsed: 38.610s
XOR differences: 2210120
"_output" in: xor.drc:41
Elapsed: 0.860s
--- Running XOR for 64/18 ---
"_input" in: xor.drc:38
Elapsed: 0.010s
"_input" in: xor.drc:38
Elapsed: 0.010s
"^" in: xor.drc:38
Elapsed: 2.400s
XOR differences: 16
"_output" in: xor.drc:41
Elapsed: 0.010s
--- Running XOR for 64/20 ---
"_input" in: xor.drc:38
Elapsed: 0.010s
"_input" in: xor.drc:38
Elapsed: 0.020s
"^" in: xor.drc:38
Elapsed: 55.520s
XOR differences: 10070
"_output" in: xor.drc:41
Elapsed: 0.020s
--- Running XOR for 64/5 ---
"_input" in: xor.drc:38
Elapsed: 0.010s
"_input" in: xor.drc:38
Elapsed: 0.020s
"^" in: xor.drc:38
Elapsed: 11.140s
XOR differences: 448
"_output" in: xor.drc:41
Elapsed: 0.020s
--- Running XOR for 64/59 ---
"_input" in: xor.drc:38
Elapsed: 0.010s
"_input" in: xor.drc:38
Elapsed: 0.010s
"^" in: xor.drc:38
Elapsed: 11.180s
XOR differences: 448
"_output" in: xor.drc:41
Elapsed: 0.020s
--- Running XOR for 65/20 ---
"_input" in: xor.drc:38
Elapsed: 0.010s
"_input" in: xor.drc:38
Elapsed: 0.010s
"^" in: xor.drc:38
Elapsed: 41.030s
XOR differences: 2324989
"_output" in: xor.drc:41
Elapsed: 0.670s
--- Running XOR for 65/44 ---
"_input" in: xor.drc:38
Elapsed: 0.010s
"_input" in: xor.drc:38
Elapsed: 0.020s
"^" in: xor.drc:38
Elapsed: 17.120s
XOR differences: 1274616
"_output" in: xor.drc:41
Elapsed: 0.470s
--- Running XOR for 65/5 ---
"_input" in: xor.drc:38
Elapsed: 0.020s
"_input" in: xor.drc:38
Elapsed: 0.010s
"^" in: xor.drc:38
Elapsed: 2.460s
XOR differences: 0
"_output" in: xor.drc:41
Elapsed: 0.020s
--- Running XOR for 66/15 ---
"_input" in: xor.drc:38
Elapsed: 0.010s
"_input" in: xor.drc:38
Elapsed: 0.010s
"^" in: xor.drc:38
Elapsed: 4.330s
XOR differences: 11380
"_output" in: xor.drc:41
Elapsed: 0.020s
--- Running XOR for 66/20 ---
"_input" in: xor.drc:38
Elapsed: 0.010s
"_input" in: xor.drc:38
Elapsed: 0.020s
"^" in: xor.drc:38
Elapsed: 135.630s
XOR differences: 3672737
"_output" in: xor.drc:41
Elapsed: 1.570s
--- Running XOR for 66/44 ---
"_input" in: xor.drc:38
Elapsed: 0.010s
"_input" in: xor.drc:38
Elapsed: 0.010s
"^" in: xor.drc:38
Elapsed: 232.320s
XOR differences: 20016686
"_output" in: xor.drc:41
Elapsed: 6.860s
--- Running XOR for 66/5 ---
"_input" in: xor.drc:38
Elapsed: 0.020s
"_input" in: xor.drc:38
Elapsed: 0.010s
"^" in: xor.drc:38
Elapsed: 2.880s
XOR differences: 0
"_output" in: xor.drc:41
Elapsed: 0.020s
--- Running XOR for 66/83 ---
"_input" in: xor.drc:38
Elapsed: 0.010s
"_input" in: xor.drc:38
Elapsed: 0.020s
"^" in: xor.drc:38
Elapsed: 3.510s
XOR differences: 0
"_output" in: xor.drc:41
Elapsed: 0.020s
--- Running XOR for 67/16 ---
"_input" in: xor.drc:38
Elapsed: 0.010s
"_input" in: xor.drc:38
Elapsed: 0.010s
"^" in: xor.drc:38
Elapsed: 36.540s
XOR differences: 3848544
"_output" in: xor.drc:41
Elapsed: 1.140s
--- Running XOR for 67/20 ---
"_input" in: xor.drc:38
Elapsed: 0.010s
"_input" in: xor.drc:38
Elapsed: 0.010s
"^" in: xor.drc:38
Elapsed: 431.280s
XOR differences: 5066935
"_output" in: xor.drc:41
Elapsed: 1.870s
--- Running XOR for 67/44 ---
"_input" in: xor.drc:38
Elapsed: 0.010s
"_input" in: xor.drc:38
Elapsed: 0.020s
"^" in: xor.drc:38
Elapsed: 274.030s
XOR differences: 17035902
"_output" in: xor.drc:41
Elapsed: 7.230s
--- Running XOR for 67/5 ---
"_input" in: xor.drc:38
Elapsed: 0.020s
"_input" in: xor.drc:38
Elapsed: 0.010s
"^" in: xor.drc:38
Elapsed: 7.750s
XOR differences: 8960
"_output" in: xor.drc:41
Elapsed: 0.010s
--- Running XOR for 68/16 ---
"_input" in: xor.drc:38
Elapsed: 0.020s
"_input" in: xor.drc:38
Elapsed: 0.010s
"^" in: xor.drc:38
Elapsed: 85.960s
XOR differences: 5970451
"_output" in: xor.drc:41
Elapsed: 2.380s
--- Running XOR for 68/20 ---
"_input" in: xor.drc:38
Elapsed: 0.010s
"_input" in: xor.drc:38
Elapsed: 0.020s
"^" in: xor.drc:38
Elapsed: 355.290s
XOR differences: 2438078
"_output" in: xor.drc:41
Elapsed: 1.040s
--- Running XOR for 68/44 ---
"_input" in: xor.drc:38
Elapsed: 0.010s
"_input" in: xor.drc:38
Elapsed: 0.010s
"^" in: xor.drc:38
Elapsed: 44.980s
XOR differences: 5179906
"_output" in: xor.drc:41
Elapsed: 1.350s
--- Running XOR for 68/5 ---
"_input" in: xor.drc:38
Elapsed: 0.010s
"_input" in: xor.drc:38
Elapsed: 0.020s
"^" in: xor.drc:38
Elapsed: 26.370s
XOR differences: 105632
"_output" in: xor.drc:41
Elapsed: 0.050s
--- Running XOR for 69/16 ---
"_input" in: xor.drc:38
Elapsed: 0.020s
"_input" in: xor.drc:38
Elapsed: 0.020s
"^" in: xor.drc:38
Elapsed: 8.090s
XOR differences: 513853
"_output" in: xor.drc:41
Elapsed: 0.160s
--- Running XOR for 69/20 ---
"_input" in: xor.drc:38
Elapsed: 0.010s
"_input" in: xor.drc:38
Elapsed: 0.010s
"^" in: xor.drc:38
Elapsed: 160.420s
XOR differences: 1471952
"_output" in: xor.drc:41
Elapsed: 0.650s
--- Running XOR for 69/44 ---
"_input" in: xor.drc:38
Elapsed: 0.010s
"_input" in: xor.drc:38
Elapsed: 0.010s
"^" in: xor.drc:38
Elapsed: 18.770s
XOR differences: 2205645
"_output" in: xor.drc:41
Elapsed: 0.610s
--- Running XOR for 69/5 ---
"_input" in: xor.drc:38
Elapsed: 0.010s
"_input" in: xor.drc:38
Elapsed: 0.010s
"^" in: xor.drc:38
Elapsed: 5.530s
XOR differences: 814288
"_output" in: xor.drc:41
Elapsed: 0.250s
--- Running XOR for 70/16 ---
"_input" in: xor.drc:38
Elapsed: 0.010s
"_input" in: xor.drc:38
Elapsed: 0.010s
"^" in: xor.drc:38
Elapsed: 4.140s
XOR differences: 10650
"_output" in: xor.drc:41
Elapsed: 0.010s
--- Running XOR for 70/20 ---
"_input" in: xor.drc:38
Elapsed: 0.010s
"_input" in: xor.drc:38
Elapsed: 0.010s
"^" in: xor.drc:38
Elapsed: 34.890s
XOR differences: 615878
"_output" in: xor.drc:41
Elapsed: 0.210s
--- Running XOR for 70/44 ---
"_input" in: xor.drc:38
Elapsed: 0.010s
"_input" in: xor.drc:38
Elapsed: 0.010s
"^" in: xor.drc:38
Elapsed: 17.190s
XOR differences: 2105583
"_output" in: xor.drc:41
Elapsed: 0.580s
--- Running XOR for 70/5 ---
"_input" in: xor.drc:38
Elapsed: 0.010s
"_input" in: xor.drc:38
Elapsed: 0.010s
"^" in: xor.drc:38
Elapsed: 2.900s
XOR differences: 129744
"_output" in: xor.drc:41
Elapsed: 0.050s
--- Running XOR for 71/16 ---
"_input" in: xor.drc:38
Elapsed: 0.010s
"_input" in: xor.drc:38
Elapsed: 0.020s
"^" in: xor.drc:38
Elapsed: 4.150s
XOR differences: 4178
"_output" in: xor.drc:41
Elapsed: 0.010s
--- Running XOR for 71/20 ---
"_input" in: xor.drc:38
Elapsed: 0.020s
"_input" in: xor.drc:38
Elapsed: 0.010s
"^" in: xor.drc:38
Elapsed: 26.940s
XOR differences: 198760
"_output" in: xor.drc:41
Elapsed: 0.090s
--- Running XOR for 71/44 ---
"_input" in: xor.drc:38
Elapsed: 0.010s
"_input" in: xor.drc:38
Elapsed: 0.020s
"^" in: xor.drc:38
Elapsed: 5.370s
XOR differences: 192586
"_output" in: xor.drc:41
Elapsed: 0.060s
--- Running XOR for 71/5 ---
"_input" in: xor.drc:38
Elapsed: 0.020s
"_input" in: xor.drc:38
Elapsed: 0.010s
"^" in: xor.drc:38
Elapsed: 2.410s
XOR differences: 1792
"_output" in: xor.drc:41
Elapsed: 0.010s
--- Running XOR for 72/10 ---
"_input" in: xor.drc:38
Elapsed: 0.010s
"_input" in: xor.drc:38
Elapsed: 0.020s
"^" in: xor.drc:38
Elapsed: 0.010s
XOR differences: 1
"_output" in: xor.drc:41
Elapsed: 16.770s
--- Running XOR for 72/16 ---
"_input" in: xor.drc:38
Elapsed: 0.010s
"_input" in: xor.drc:38
Elapsed: 0.020s
"^" in: xor.drc:38
Elapsed: 4.180s
XOR differences: 2926
"_output" in: xor.drc:41
Elapsed: 0.020s
--- Running XOR for 72/20 ---
"_input" in: xor.drc:38
Elapsed: 0.010s
"_input" in: xor.drc:38
Elapsed: 0.010s
"^" in: xor.drc:38
Elapsed: 4.910s
XOR differences: 9935
"_output" in: xor.drc:41
Elapsed: 0.010s
--- Running XOR for 72/5 ---
"_input" in: xor.drc:38
Elapsed: 0.020s
"_input" in: xor.drc:38
Elapsed: 0.010s
"^" in: xor.drc:38
Elapsed: 0.020s
XOR differences: 0
"_output" in: xor.drc:41
Elapsed: 0.020s
--- Running XOR for 78/44 ---
"_input" in: xor.drc:38
Elapsed: 0.020s
"_input" in: xor.drc:38
Elapsed: 0.010s
"^" in: xor.drc:38
Elapsed: 41.100s
XOR differences: 9244
"_output" in: xor.drc:41
Elapsed: 0.020s
--- Running XOR for 81/14 ---
"_input" in: xor.drc:38
Elapsed: 0.020s
"_input" in: xor.drc:38
Elapsed: 0.010s
"^" in: xor.drc:38
Elapsed: 0.020s
XOR differences: 1
"_output" in: xor.drc:41
Elapsed: 0.010s
--- Running XOR for 81/2 ---
"_input" in: xor.drc:38
Elapsed: 0.020s
"_input" in: xor.drc:38
Elapsed: 0.010s
"^" in: xor.drc:38
Elapsed: 3.360s
XOR differences: 141440
"_output" in: xor.drc:41
Elapsed: 0.060s
--- Running XOR for 81/23 ---
"_input" in: xor.drc:38
Elapsed: 0.010s
"_input" in: xor.drc:38
Elapsed: 0.020s
"^" in: xor.drc:38
Elapsed: 4.450s
XOR differences: 23145
"_output" in: xor.drc:41
Elapsed: 0.020s
--- Running XOR for 81/4 ---
"_input" in: xor.drc:38
Elapsed: 0.010s
"_input" in: xor.drc:38
Elapsed: 0.020s
"^" in: xor.drc:38
Elapsed: 52.580s
XOR differences: 76
"_output" in: xor.drc:41
Elapsed: 0.010s
--- Running XOR for 83/44 ---
"_input" in: xor.drc:38
Elapsed: 0.010s
"_input" in: xor.drc:38
Elapsed: 0.010s
"^" in: xor.drc:38
Elapsed: 13.640s
XOR differences: 0
"_output" in: xor.drc:41
Elapsed: 0.010s
--- Running XOR for 93/44 ---
"_input" in: xor.drc:38
Elapsed: 0.010s
"_input" in: xor.drc:38
Elapsed: 0.010s
"^" in: xor.drc:38
Elapsed: 57.330s
XOR differences: 554916
"_output" in: xor.drc:41
Elapsed: 0.190s
--- Running XOR for 94/20 ---
"_input" in: xor.drc:38
Elapsed: 0.010s
"_input" in: xor.drc:38
Elapsed: 0.020s
"^" in: xor.drc:38
Elapsed: 60.260s
XOR differences: 510674
"_output" in: xor.drc:41
Elapsed: 0.190s
--- Running XOR for 95/20 ---
"_input" in: xor.drc:38
Elapsed: 0.010s
"_input" in: xor.drc:38
Elapsed: 0.030s
"^" in: xor.drc:38
Elapsed: 26.780s
XOR differences: 1008558
"_output" in: xor.drc:41
Elapsed: 0.310s
Writing layout file: /project/openlane/user_project_wrapper/runs/user_project_wrapper/results/klayout/user_project_wrapper.xor.gds ..
Total run time: 2679.460s
