Using Techfile: /tmp/pohan//sky130A/libs.tech/klayout/sky130A.lyt
Using layout file: /project/openlane/user_project_wrapper/runs/user_project_wrapper/results/klayout/user_project_wrapper.xor.gds
[INFO] Reading tech file: /tmp/pohan//sky130A/libs.tech/klayout/sky130A.lyt
[INFO] Reading Layout file: /project/openlane/user_project_wrapper/runs/user_project_wrapper/results/klayout/user_project_wrapper.xor.gds
Warning: Record length larger than 0x8000 encountered: interpreting as unsigned (position=356460854, record number=27533094, cell=XOR)
Warning: Record length larger than 0x8000 encountered: interpreting as unsigned (position=356579542, record number=27533289, cell=XOR)
Warning: Record length larger than 0x8000 encountered: interpreting as unsigned (position=356728550, record number=27534209, cell=XOR)
Warning: Record length larger than 0x8000 encountered: interpreting as unsigned (position=356814278, record number=27534509, cell=XOR)
Warning: Record length larger than 0x8000 encountered: interpreting as unsigned (position=356908102, record number=27535399, cell=XOR)
Warning: Record length larger than 0x8000 encountered: interpreting as unsigned (position=356993830, record number=27535699, cell=XOR)
Warning: Record length larger than 0x8000 encountered: interpreting as unsigned (position=357087654, record number=27536589, cell=XOR)
Warning: Record length larger than 0x8000 encountered: interpreting as unsigned (position=357173382, record number=27536889, cell=XOR)
Warning: Record length larger than 0x8000 encountered: interpreting as unsigned (position=357284198, record number=27538079, cell=XOR)
Warning: Record length larger than 0x8000 encountered: interpreting as unsigned (position=357402886, record number=27538274, cell=XOR)
Warning: Record length larger than 0x8000 encountered: interpreting as unsigned (position=357580646, record number=27539544, cell=XOR)
Warning: Record length larger than 0x8000 encountered: interpreting as unsigned (position=357666374, record number=27539844, cell=XOR)
Warning: Record length larger than 0x8000 encountered: interpreting as unsigned (position=357760198, record number=27540734, cell=XOR)
Warning: Record length larger than 0x8000 encountered: interpreting as unsigned (position=357845926, record number=27541034, cell=XOR)
Warning: Record length larger than 0x8000 encountered: interpreting as unsigned (position=357939750, record number=27541924, cell=XOR)
Warning: Record length larger than 0x8000 encountered: interpreting as unsigned (position=358025478, record number=27542224, cell=XOR)
Warning: Record length larger than 0x8000 encountered: interpreting as unsigned (position=358331254, record number=27552949, cell=XOR)
Warning: Record length larger than 0x8000 encountered: interpreting as unsigned (position=358401990, record number=27553139, cell=XOR)
Warning: Record length larger than 0x8000 encountered: interpreting as unsigned (position=358601238, record number=27560114, cell=XOR)
Warning: Record length larger than 0x8000 encountered: interpreting as unsigned (position=358653878, record number=27560159, cell=XOR)
Warning: Record length larger than 0x8000 encountered: interpreting as unsigned (position=358869270, record number=27566649, cell=XOR)
Warning: Record length larger than 0x8000 encountered: interpreting as unsigned (position=358925910, record number=27566709, cell=XOR)
Warning: Record length larger than 0x8000 encountered: interpreting as unsigned (position=359055446, record number=27568084, cell=XOR)
Warning: Record length larger than 0x8000 encountered: interpreting as unsigned (position=359174502, record number=27568284, cell=XOR)
Warning: Record length larger than 0x8000 encountered: interpreting as unsigned (position=359323558, record number=27569219, cell=XOR)
Warning: Record length larger than 0x8000 encountered: interpreting as unsigned (position=359408998, record number=27569519, cell=XOR)
Warning: Record length larger than 0x8000 encountered: interpreting as unsigned (position=359503206, record number=27570424, cell=XOR)
Warning: Record length larger than 0x8000 encountered: interpreting as unsigned (position=359588646, record number=27570724, cell=XOR)
Warning: Record length larger than 0x8000 encountered: interpreting as unsigned (position=359682854, record number=27571629, cell=XOR)
Warning: Record length larger than 0x8000 encountered: interpreting as unsigned (position=359768294, record number=27571929, cell=XOR)
Warning: Record length larger than 0x8000 encountered: interpreting as unsigned (position=359882422, record number=27573224, cell=XOR)
Warning: Record length larger than 0x8000 encountered: interpreting as unsigned (position=360001078, record number=27573424, cell=XOR)
Warning: Record length larger than 0x8000 encountered: interpreting as unsigned (position=360150134, record number=27574359, cell=XOR)
Warning: Record length larger than 0x8000 encountered: interpreting as unsigned (position=360235574, record number=27574659, cell=XOR)
Warning: Record length larger than 0x8000 encountered: interpreting as unsigned (position=360329782, record number=27575564, cell=XOR)
Warning: Record length larger than 0x8000 encountered: interpreting as unsigned (position=360415222, record number=27575864, cell=XOR)
Warning: Record length larger than 0x8000 encountered: interpreting as unsigned (position=360509430, record number=27576769, cell=XOR)
Warning: Record length larger than 0x8000 encountered: interpreting as unsigned (position=360594870, record number=27577069, cell=XOR)
Warning: Record length larger than 0x8000 encountered: interpreting as unsigned (position=360712150, record number=27578479, cell=XOR)
Warning: Record length larger than 0x8000 encountered: interpreting as unsigned (position=360830806, record number=27578679, cell=XOR)
Warning: Record length larger than 0x8000 encountered: interpreting as unsigned (position=360987942, record number=27579614, cell=XOR)
Warning: Record length larger than 0x8000 encountered: interpreting as unsigned (position=361073382, record number=27579914, cell=XOR)
Warning: Record length larger than 0x8000 encountered: interpreting as unsigned (position=361167494, record number=27580814, cell=XOR)
Warning: Record length larger than 0x8000 encountered: interpreting as unsigned (position=361252934, record number=27581114, cell=XOR)
Warning: Record length larger than 0x8000 encountered: interpreting as unsigned (position=361347046, record number=27582014, cell=XOR)
Warning: Record length larger than 0x8000 encountered: interpreting as unsigned (position=361432486, record number=27582314, cell=XOR)
Warning: Record length larger than 0x8000 encountered: interpreting as unsigned (position=361586806, record number=27583954, cell=XOR)
Warning: Record length larger than 0x8000 encountered: interpreting as unsigned (position=361705462, record number=27584154, cell=XOR)
Warning: Record length larger than 0x8000 encountered: interpreting as unsigned (position=361862598, record number=27585089, cell=XOR)
Warning: Record length larger than 0x8000 encountered: interpreting as unsigned (position=361948038, record number=27585389, cell=XOR)
Warning: Record length larger than 0x8000 encountered: interpreting as unsigned (position=362042150, record number=27586289, cell=XOR)
Warning: Record length larger than 0x8000 encountered: interpreting as unsigned (position=362127590, record number=27586589, cell=XOR)
Warning: Record length larger than 0x8000 encountered: interpreting as unsigned (position=362221702, record number=27587489, cell=XOR)
Warning: Record length larger than 0x8000 encountered: interpreting as unsigned (position=362307142, record number=27587789, cell=XOR)
Warning: Record length larger than 0x8000 encountered: interpreting as unsigned (position=362452934, record number=27589359, cell=XOR)
Warning: Record length larger than 0x8000 encountered: interpreting as unsigned (position=362571590, record number=27589559, cell=XOR)
Warning: Record length larger than 0x8000 encountered: interpreting as unsigned (position=362728630, record number=27590489, cell=XOR)
Warning: Record length larger than 0x8000 encountered: interpreting as unsigned (position=362814070, record number=27590789, cell=XOR)
Warning: Record length larger than 0x8000 encountered: interpreting as unsigned (position=362908086, record number=27591684, cell=XOR)
Warning: Record length larger than 0x8000 encountered: interpreting as unsigned (position=362993526, record number=27591984, cell=XOR)
Warning: Record length larger than 0x8000 encountered: interpreting as unsigned (position=363087542, record number=27592879, cell=XOR)
Warning: Record length larger than 0x8000 encountered: interpreting as unsigned (position=363172982, record number=27593179, cell=XOR)
Warning: Record length larger than 0x8000 encountered: interpreting as unsigned (position=363789686, record number=27617959, cell=XOR)
Warning: Record length larger than 0x8000 encountered: interpreting as unsigned (position=363908342, record number=27618159, cell=XOR)
Warning: Record length larger than 0x8000 encountered: interpreting as unsigned (position=364057478, record number=27619099, cell=XOR)
Warning: Record length larger than 0x8000 encountered: interpreting as unsigned (position=364142918, record number=27619399, cell=XOR)
Warning: Record length larger than 0x8000 encountered: interpreting as unsigned (position=364237366, record number=27620319, cell=XOR)
Warning: Record length larger than 0x8000 encountered: interpreting as unsigned (position=364322806, record number=27620619, cell=XOR)
Warning: Record length larger than 0x8000 encountered: interpreting as unsigned (position=364417478, record number=27621539, cell=XOR)
Warning: Record length larger than 0x8000 encountered: interpreting as unsigned (position=364502918, record number=27621839, cell=XOR)
Warning: Record length larger than 0x8000 encountered: interpreting as unsigned (position=365154966, record number=27646329, cell=XOR)
Warning: Record length larger than 0x8000 encountered: interpreting as unsigned (position=365240406, record number=27646629, cell=XOR)
Warning: Record length larger than 0x8000 encountered: interpreting as unsigned (position=365361718, record number=27648004, cell=XOR)
Warning: Record length larger than 0x8000 encountered: interpreting as unsigned (position=365480374, record number=27648204, cell=XOR)
Warning: Record length larger than 0x8000 encountered: interpreting as unsigned (position=365637590, record number=27649144, cell=XOR)
Warning: Record length larger than 0x8000 encountered: interpreting as unsigned (position=365723030, record number=27649444, cell=XOR)
Warning: Record length larger than 0x8000 encountered: interpreting as unsigned (position=365817222, record number=27650349, cell=XOR)
Warning: Record length larger than 0x8000 encountered: interpreting as unsigned (position=365902662, record number=27650649, cell=XOR)
Warning: Record length larger than 0x8000 encountered: interpreting as unsigned (position=366670278, record number=27678119, cell=XOR)
Warning: Record length larger than 0x8000 encountered: interpreting as unsigned (position=366788934, record number=27678319, cell=XOR)
Warning: Record length larger than 0x8000 encountered: interpreting as unsigned (position=366947542, record number=27679284, cell=XOR)
Warning: Record length larger than 0x8000 encountered: interpreting as unsigned (position=367032982, record number=27679584, cell=XOR)
Warning: Record length larger than 0x8000 encountered: interpreting as unsigned (position=367133030, record number=27680519, cell=XOR)
Warning: Record length larger than 0x8000 encountered: interpreting as unsigned (position=367218470, record number=27680819, cell=XOR)
Warning: Record length larger than 0x8000 encountered: interpreting as unsigned (position=367316534, record number=27681764, cell=XOR)
Warning: Record length larger than 0x8000 encountered: interpreting as unsigned (position=367401974, record number=27682064, cell=XOR)
Warning: Record length larger than 0x8000 encountered: interpreting as unsigned (position=368030118, record number=27708214, cell=XOR)
Warning: Record length larger than 0x8000 encountered: interpreting as unsigned (position=368115846, record number=27708514, cell=XOR)
Warning: Record length larger than 0x8000 encountered: interpreting as unsigned (position=368413766, record number=27717474, cell=XOR)
Warning: Record length larger than 0x8000 encountered: interpreting as unsigned (position=368499494, record number=27717774, cell=XOR)
Warning: Record length larger than 0x8000 encountered: interpreting as unsigned (position=368655814, record number=27721769, cell=XOR)
Warning: Record length larger than 0x8000 encountered: interpreting as unsigned (position=368741542, record number=27722069, cell=XOR)
Warning: Record length larger than 0x8000 encountered: interpreting as unsigned (position=369122678, record number=27733749, cell=XOR)
Warning: Record length larger than 0x8000 encountered: interpreting as unsigned (position=369241366, record number=27733944, cell=XOR)
Warning: Record length larger than 0x8000 encountered: interpreting as unsigned (position=369390662, record number=27734874, cell=XOR)
Warning: Record length larger than 0x8000 encountered: interpreting as unsigned (position=369476390, record number=27735174, cell=XOR)
Warning: Record length larger than 0x8000 encountered: interpreting as unsigned (position=369570502, record number=27736074, cell=XOR)
Warning: Record length larger than 0x8000 encountered: interpreting as unsigned (position=369656230, record number=27736374, cell=XOR)
Warning: Record length larger than 0x8000 encountered: interpreting as unsigned (position=369755526, record number=27737379, cell=XOR)
Warning: Record length larger than 0x8000 encountered: interpreting as unsigned (position=369841254, record number=27737679, cell=XOR)
Warning: Record length larger than 0x8000 encountered: interpreting as unsigned (position=369935078, record number=27738569, cell=XOR)
Warning: Record length larger than 0x8000 encountered: interpreting as unsigned (position=370020806, record number=27738869, cell=XOR)
Warning: Record length larger than 0x8000 encountered: interpreting as unsigned (position=370114630, record number=27739759, cell=XOR)
Warning: Record length larger than 0x8000 encountered: interpreting as unsigned (position=370200358, record number=27740059, cell=XOR)
Warning: Record length larger than 0x8000 encountered: interpreting as unsigned (position=370310550, record number=27741229, cell=XOR)
Warning: Record length larger than 0x8000 encountered: interpreting as unsigned (position=370429238, record number=27741424, cell=XOR)
Warning: Record length larger than 0x8000 encountered: interpreting as unsigned (position=370578534, record number=27742354, cell=XOR)
Warning: Record length larger than 0x8000 encountered: interpreting as unsigned (position=370664262, record number=27742654, cell=XOR)
Warning: Record length larger than 0x8000 encountered: interpreting as unsigned (position=370800886, record number=27743924, cell=XOR)
Warning: Record length larger than 0x8000 encountered: interpreting as unsigned (position=370919574, record number=27744119, cell=XOR)
Warning: Record length larger than 0x8000 encountered: interpreting as unsigned (position=371068742, record number=27745044, cell=XOR)
Warning: Record length larger than 0x8000 encountered: interpreting as unsigned (position=371154470, record number=27745344, cell=XOR)
Warning: Record length larger than 0x8000 encountered: interpreting as unsigned (position=371945750, record number=27774509, cell=XOR)
Warning: Record length larger than 0x8000 encountered: interpreting as unsigned (position=372064438, record number=27774704, cell=XOR)
Warning: Record length larger than 0x8000 encountered: interpreting as unsigned (position=372220038, record number=27775769, cell=XOR)
Warning: Record length larger than 0x8000 encountered: interpreting as unsigned (position=372305766, record number=27776069, cell=XOR)
Warning: Record length larger than 0x8000 encountered: interpreting as unsigned (position=373064086, record number=27803084, cell=XOR)
Warning: Record length larger than 0x8000 encountered: interpreting as unsigned (position=373182774, record number=27803279, cell=XOR)
Warning: Record length larger than 0x8000 encountered: interpreting as unsigned (position=373332646, record number=27804254, cell=XOR)
Warning: Record length larger than 0x8000 encountered: interpreting as unsigned (position=373418374, record number=27804554, cell=XOR)
Warning: Record length larger than 0x8000 encountered: interpreting as unsigned (position=373513062, record number=27805499, cell=XOR)
Warning: Record length larger than 0x8000 encountered: interpreting as unsigned (position=373598790, record number=27805799, cell=XOR)
Warning: Record length larger than 0x8000 encountered: interpreting as unsigned (position=374374790, record number=27833929, cell=XOR)
Warning: Record length larger than 0x8000 encountered: interpreting as unsigned (position=374460518, record number=27834229, cell=XOR)
Warning: Record length larger than 0x8000 encountered: interpreting as unsigned (position=374593878, record number=27835494, cell=XOR)
Warning: Record length larger than 0x8000 encountered: interpreting as unsigned (position=374712566, record number=27835689, cell=XOR)
Warning: Record length larger than 0x8000 encountered: interpreting as unsigned (position=374861926, record number=27836624, cell=XOR)
Warning: Record length larger than 0x8000 encountered: interpreting as unsigned (position=374947654, record number=27836924, cell=XOR)
Warning: Record length larger than 0x8000 encountered: interpreting as unsigned (position=1792611734, record number=124199554, cell=XOR)
Warning: Record length larger than 0x8000 encountered: interpreting as unsigned (position=1887048422, record number=131068809, cell=XOR)
Warning: Record length larger than 0x8000 encountered: interpreting as unsigned (position=2018502582, record number=136413539, cell=XOR)
Warning: Record length larger than 0x8000 encountered: interpreting as unsigned (position=2018536150, record number=136413549, cell=XOR)
Warning: Record length larger than 0x8000 encountered: interpreting as unsigned (position=2018924694, record number=136422689, cell=XOR)
Warning: Record length larger than 0x8000 encountered: interpreting as unsigned (position=2019163894, record number=136422794, cell=XOR)
Warning: Record length larger than 0x8000 encountered: interpreting as unsigned (position=2019224902, record number=136422804, cell=XOR)
Warning: Record length larger than 0x8000 encountered: interpreting as unsigned (position=2019748550, record number=136443639, cell=XOR)
Warning: Record length larger than 0x8000 encountered: interpreting as unsigned (position=2019976886, record number=136451999, cell=XOR)
Warning: Record length larger than 0x8000 encountered: interpreting as unsigned (position=2020261606, record number=136461349, cell=XOR)
Warning: Record length larger than 0x8000 encountered: interpreting as unsigned (position=2334217222, record number=148881474, cell=XOR)
Warning: Record length larger than 0x8000 encountered: interpreting as unsigned (position=2334258598, record number=148881499, cell=XOR)
Warning: Record length larger than 0x8000 encountered: interpreting as unsigned (position=2334327238, record number=148881764, cell=XOR)
Warning: Record length larger than 0x8000 encountered: interpreting as unsigned (position=3886056678, record number=269107779, cell=XOR)
Warning: Record length larger than 0x8000 encountered: interpreting as unsigned (position=3886089958, record number=269107784, cell=XOR)
Warning: Record length larger than 0x8000 encountered: interpreting as unsigned (position=3886123206, record number=269107789, cell=XOR)
Warning: Record length larger than 0x8000 encountered: interpreting as unsigned (position=3886158822, record number=269107794, cell=XOR)
Warning: Record length larger than 0x8000 encountered: interpreting as unsigned (position=3886196486, record number=269107799, cell=XOR)
Warning: Record length larger than 0x8000 encountered: interpreting as unsigned (position=3886231878, record number=269107804, cell=XOR)
Warning: Record length larger than 0x8000 encountered: interpreting as unsigned (position=3886266246, record number=269107809, cell=XOR)
Warning: Record length larger than 0x8000 encountered: interpreting as unsigned (position=3886301766, record number=269107814, cell=XOR)
Warning: Record length larger than 0x8000 encountered: interpreting as unsigned (position=3927110534, record number=270049979, cell=XOR)
Warning: Record length larger than 0x8000 encountered: interpreting as unsigned (position=6060763622, record number=411271184, cell=XOR)
Warning: Record length larger than 0x8000 encountered: interpreting as unsigned (position=6063174278, record number=411344014, cell=XOR)
Warning: Record length larger than 0x8000 encountered: interpreting as unsigned (position=6063236150, record number=411344049, cell=XOR)
Warning: Record length larger than 0x8000 encountered: interpreting as unsigned (position=6063313846, record number=411344074, cell=XOR)
Warning: Record length larger than 0x8000 encountered: interpreting as unsigned (position=6063765350, record number=411354214, cell=XOR)
Warning: Record length larger than 0x8000 encountered: interpreting as unsigned (position=6063859558, record number=411354269, cell=XOR)
Warning: Record length larger than 0x8000 encountered: interpreting as unsigned (position=6084948278, record number=412526564, cell=XOR)
Warning: Record length larger than 0x8000 encountered: interpreting as unsigned (position=6085353430, record number=412526939, cell=XOR)
Warning: Record length larger than 0x8000 encountered: interpreting as unsigned (position=7283961142, record number=476844084, cell=XOR)
Warning: Record length larger than 0x8000 encountered: interpreting as unsigned (position=7284007686, record number=476844134, cell=XOR)
Warning: Record length larger than 0x8000 encountered: interpreting as unsigned (position=7284062342, record number=476844144, cell=XOR)
Warning: Record length larger than 0x8000 encountered: interpreting as unsigned (position=7284098902, record number=476844149, cell=XOR)
Warning: Record length larger than 0x8000 encountered: interpreting as unsigned (position=7284465014, record number=476849354, cell=XOR)
Warning: Record length larger than 0x8000 encountered: interpreting as unsigned (position=7507955942, record number=491145644, cell=XOR)
Warning: Record length larger than 0x8000 encountered: interpreting as unsigned (position=7508050966, record number=491145709, cell=XOR)
Warning: Record length larger than 0x8000 encountered: interpreting as unsigned (position=7508103094, record number=491145714, cell=XOR)
Warning: Record length larger than 0x8000 encountered: interpreting as unsigned (position=7566915852, record number=494069776, cell=XOR)
Warning: Record length larger than 0x8000 encountered: interpreting as unsigned (position=7621810588, record number=496904611, cell=XOR)
Warning: Record length larger than 0x8000 encountered: interpreting as unsigned (position=7621888108, record number=496904621, cell=XOR)
Warning: Record length larger than 0x8000 encountered: interpreting as unsigned (position=7622544668, record number=496904756, cell=XOR)
Warning: Record length larger than 0x8000 encountered: interpreting as unsigned (position=7625012636, record number=496965126, cell=XOR)
Warning: Record length larger than 0x8000 encountered: interpreting as unsigned (position=7625456412, record number=496965196, cell=XOR)
[INFO] Writing out PNG screenshot '/project/openlane/user_project_wrapper/runs/user_project_wrapper/results/klayout/user_project_wrapper.xor.gds.png'
Done
