Notice 0: Reading LEF file:  /project/openlane/user_project_wrapper/runs/user_project_wrapper/tmp/merged.lef
Notice 0:     Created 13 technology layers
Notice 0:     Created 25 technology vias
Notice 0:     Created 441 library cells
Notice 0: Finished LEF file:  /project/openlane/user_project_wrapper/runs/user_project_wrapper/tmp/merged.lef
Notice 0: 
Reading DEF file: /project/openlane/user_project_wrapper/runs/user_project_wrapper/results/routing/user_project_wrapper.def
Notice 0: Design: user_project_wrapper
Notice 0:     Created 1240 pins.
Notice 0:     Created 1 components and 609 component-terminals.
Notice 0:     Created 8 special nets and 0 connections.
Notice 0:     Created 637 nets and 607 connections.
Notice 0: Finished DEF file: /project/openlane/user_project_wrapper/runs/user_project_wrapper/results/routing/user_project_wrapper.def
Notice 0: Reading LEF file:  /project/openlane/user_project_wrapper/runs/user_project_wrapper/tmp/merged.lef
Notice 0:     Created 13 technology layers
Notice 0:     Created 25 technology vias
Notice 0:     Created 441 library cells
Notice 0: Finished LEF file:  /project/openlane/user_project_wrapper/runs/user_project_wrapper/tmp/merged.lef
Notice 0: 
Reading DEF file: /project/openlane/user_project_wrapper/runs/user_project_wrapper/tmp/synthesis/yosys.pg_define.def
Notice 0: Design: user_project_wrapper
Notice 0:     Created 645 pins.
Notice 0:     Created 1 components and 609 component-terminals.
Notice 0:     Created 645 nets and 607 connections.
Notice 0: Finished DEF file: /project/openlane/user_project_wrapper/runs/user_project_wrapper/tmp/synthesis/yosys.pg_define.def
Top-level design name: user_project_wrapper
Default power net:  vccd1
Default ground net: vssd1
Found a total of 4 power ports.
Found a total of 4 ground ports.
Modified power connections of 1 cells (Remaining: 0 ).
STDOUT:
OpenROAD 0.9.0 1415572a73
This program is licensed under the BSD-3 license. See the LICENSE file for details.
Components of this program may be licensed under more restrictive licenses which must be honored.
Warning: /project/openlane/user_project_wrapper/runs/user_project_wrapper/tmp/synthesis/yosys.pg_define.v line 31, instance mprj port vccd1 not found.
Warning: /project/openlane/user_project_wrapper/runs/user_project_wrapper/tmp/synthesis/yosys.pg_define.v line 31, instance mprj port vccd2 not found.
Warning: /project/openlane/user_project_wrapper/runs/user_project_wrapper/tmp/synthesis/yosys.pg_define.v line 31, instance mprj port vdda1 not found.
Warning: /project/openlane/user_project_wrapper/runs/user_project_wrapper/tmp/synthesis/yosys.pg_define.v line 31, instance mprj port vdda2 not found.
Warning: /project/openlane/user_project_wrapper/runs/user_project_wrapper/tmp/synthesis/yosys.pg_define.v line 31, instance mprj port vssa1 not found.
Warning: /project/openlane/user_project_wrapper/runs/user_project_wrapper/tmp/synthesis/yosys.pg_define.v line 31, instance mprj port vssa2 not found.
Warning: /project/openlane/user_project_wrapper/runs/user_project_wrapper/tmp/synthesis/yosys.pg_define.v line 31, instance mprj port vssd1 not found.
Warning: /project/openlane/user_project_wrapper/runs/user_project_wrapper/tmp/synthesis/yosys.pg_define.v line 31, instance mprj port vssd2 not found.
[WARNING ORD-1000] LEF master user_proj_example has no liberty cell.
STDERR:
Notice 0: Reading LEF file:  /project/openlane/user_project_wrapper/runs/user_project_wrapper/tmp/merged.lef
Notice 0:     Created 13 technology layers
Notice 0:     Created 25 technology vias
Notice 0:     Created 441 library cells
Notice 0: Finished LEF file:  /project/openlane/user_project_wrapper/runs/user_project_wrapper/tmp/merged.lef
openroad exit code: 0
Successfully created a new database
