0-prep 0h0m2s836ms
1-yosys 0h0m0s614ms
2-opensta 0h0m1s831ms
3-yosys 0h0m0s484ms
4-verilog2def_openroad 0h0m2s822ms
7-klayout_scrot 0h0m7s102ms
8-pdn 0h0m3s34ms
9-pdn 0h0m2s882ms
10-pdn 0h0m2s801ms
11-pdn 0h0m2s856ms
12-replace 0h0m0s756ms
13-opendp 0h0m3s185ms
14-klayout_scrot 0h0m5s938ms
16-addspacers 0h0m0s115ms
17-fastroute 0h0m4s609ms
18-write_verilog 0h0m2s182ms
19-tritonRoute 0h1m54s361ms
20-klayout_scrot 0h0m6s100ms
21-spef_extraction 0h0m1s122ms
22-opensta_spef 0h0m1s896ms
24-write_verilog 0h0m2s259ms
26-klayout_scrot 0h0m18s422ms
29-magic_gen 0h4m6s603ms
30-klayout 0h0m10s688ms
31-klayout_scrot 0h0m19s503ms
33-klayout_scrot 0h1m29s817ms