OpenROAD 0.9.0 1415572a73
This program is licensed under the BSD-3 license. See the LICENSE file for details.
Components of this program may be licensed under more restrictive licenses which must be honored.
Warning: /tmp/pohan/sky130A/libs.ref/sky130_fd_sc_hd/lib/sky130_fd_sc_hd__tt_025C_1v80.lib line 31, default_operating_condition tt_025C_1v80 not found.
Notice 0: Reading LEF file:  /project/openlane/user_project_wrapper/runs/user_project_wrapper/tmp/merged_unpadded.lef
Notice 0:     Created 13 technology layers
Notice 0:     Created 25 technology vias
Notice 0:     Created 441 library cells
Notice 0: Finished LEF file:  /project/openlane/user_project_wrapper/runs/user_project_wrapper/tmp/merged_unpadded.lef
Notice 0: 
Reading DEF file: /project/openlane/user_project_wrapper/runs/user_project_wrapper/tmp/floorplan/8-pdn.def
Notice 0: Design: user_project_wrapper
Notice 0:     Created 639 pins.
Notice 0:     Created 1 components and 609 component-terminals.
Notice 0:     Created 2 special nets and 0 connections.
Notice 0:     Created 637 nets and 607 connections.
Notice 0: Finished DEF file: /project/openlane/user_project_wrapper/runs/user_project_wrapper/tmp/floorplan/8-pdn.def
[INFO] [PDNG-0016] Power Delivery Network Generator: Generating PDN
[INFO] [PDNG-0016]   config: /project/openlane/user_project_wrapper/pdn.tcl
[INFO] [PDNG-0008] Design Name is user_project_wrapper
[INFO] [PDNG-0009] Reading technology data
[ERROR] [PDNG-0037] Cannot find pin vccd2 on instance mprj (user_proj_example)
[ERROR] [PDNG-0037] Cannot find pin vssd2 on instance mprj (user_proj_example)
[INFO] [PDNG-0011] ****** INFO ******
Type: stdcell, grid
    Core Rings
      Layer: met4 -  width: 3.000  spacing: 1.700  core_offset: 23.400 
      Layer: met5 -  width: 3.000  spacing: 1.700  core_offset: 23.400 
    Stdcell Rails
    Straps
      Layer: met4 -  width: 3.000  pitch: 180.000  offset: 23.000 
      Layer: met5 -  width: 3.000  pitch: 180.000  offset: 23.000 
    Connect: {met4 met5}
Type: macro, macro_1
    Macro orientation: R0 R180 MX MY R90 R270 MXR90 MYR90
    Straps
    Connect: {met4_PIN_ver met5}
[INFO] [PDNG-0012] **** END INFO ****
[INFO] [PDNG-0013] Inserting stdcell grid - grid
[INFO] [PDNG-0010] Inserting macro grid for 1 macros
[INFO] [PDNG-0034]   - grid for instance mprj
[WARN] [PDNG-0002] No shapes on layer met4_PIN_ver for POWER
[WARN] [PDNG-0002] No shapes on layer met4_PIN_ver for GROUND
[INFO] [PDNG-0015] Writing to database
